Mono path[0] = 'D:/SteamLibrary/steamapps/common/Valheim/valheim_Data/Managed'
Mono config path = 'D:/SteamLibrary/steamapps/common/Valheim/MonoBleedingEdge/etc'
Initialize engine version: 2019.4.24f1 (5da6f0345e82)
[Subsystems] Discovering subsystems at path D:/SteamLibrary/steamapps/common/Valheim/valheim_Data/UnitySubsystems
GfxDevice: creating device client; threaded=1
Direct3D:
    Version:  Direct3D 11.0 [level 11.1]
    Renderer: NVIDIA GeForce GTX 1080 (ID=0x1b80)
    Vendor:   
    VRAM:     8079 MB
    Driver:   30.0.14.7151
Begin MonoManager ReloadAssembly
- Completed reload, in  1.636 seconds
D3D11 device created for Microsoft Media Foundation video decoding.
<RI> Initializing input.
<RI> Input initialized.
d3d11: swapchain SetFullscreenState failed (887a0022). 
(Filename:  Line: 517)

<RI> Initialized touch support.
UnloadTime: 63.929100 ms
10/17/2021 17:03:28: Starting to load scene:start
 
(Filename: C:\buildslave\unity\build\Runtime/Export/Debug/Debug.bindings.h Line: 39)

Couldn't create a Convex Mesh from source mesh "default" within the maximum polygons limit (256). The partial hull will be used. Consider simplifying your mesh. 
(Filename:  Line: 91)

Couldn't create a Convex Mesh from source mesh "default" within the maximum polygons limit (256). The partial hull will be used. Consider simplifying your mesh. 
(Filename:  Line: 91)

Unloading 6 Unused Serialized files (Serialized files now loaded: 0)
Failed to change display to ExclusiveFullscreen...reverting to FullscreenWindow 
(Filename:  Line: 538)

Setting up 8 worker threads for Enlighten.
  Thread -> id: 620c -> priority: 1 
  Thread -> id: 1adc -> priority: 1 
  Thread -> id: 31c8 -> priority: 1 
  Thread -> id: 52e0 -> priority: 1 
  Thread -> id: 592c -> priority: 1 
  Thread -> id: 6f54 -> priority: 1 
  Thread -> id: 1c18 -> priority: 1 
  Thread -> id: 321c -> priority: 1 
UnloadTime: 7.167600 ms
Only custom filters can be played. Please add a custom filter or an audioclip to the audiosource (Amb_MainMenu). 
(Filename:  Line: 516)

10/17/2021 17:03:38: Valheim version:0.203.11
 
(Filename: C:\buildslave\unity\build\Runtime/Export/Debug/Debug.bindings.h Line: 39)

10/17/2021 17:03:38: Render threading mode:MultiThreaded
 
(Filename: C:\buildslave\unity\build\Runtime/Export/Debug/Debug.bindings.h Line: 39)

10/17/2021 17:03:38: Using environment steamid 892970
 
(Filename: C:\buildslave\unity\build\Runtime/Export/Debug/Debug.bindings.h Line: 39)

10/17/2021 17:03:38: Using steam APPID:892970
 
(Filename: C:\buildslave\unity\build\Runtime/Export/Debug/Debug.bindings.h Line: 39)

10/17/2021 17:03:38: Authentication:k_ESteamNetworkingAvailability_Attempting
 
(Filename: C:\buildslave\unity\build\Runtime/Export/Debug/Debug.bindings.h Line: 39)

10/17/2021 17:03:38: Steam initialized, persona:Kaspe
 
(Filename: C:\buildslave\unity\build\Runtime/Export/Debug/Debug.bindings.h Line: 39)

10/17/2021 17:03:38: Missing audio clip in music respawn
 
(Filename: C:\buildslave\unity\build\Runtime/Export/Debug/Debug.bindings.h Line: 39)

10/17/2021 17:03:38: Checking for installed DLCs
 
(Filename: C:\buildslave\unity\build\Runtime/Export/Debug/Debug.bindings.h Line: 39)

10/17/2021 17:03:38: DLC:beta installed:False
 
(Filename: C:\buildslave\unity\build\Runtime/Export/Debug/Debug.bindings.h Line: 39)

10/17/2021 17:03:38: Builder started
 
(Filename: C:\buildslave\unity\build\Runtime/Export/Debug/Debug.bindings.h Line: 39)

10/17/2021 17:03:39: Loaded localization CSV:localization language:English
 
(Filename: C:\buildslave\unity\build\Runtime/Export/Debug/Debug.bindings.h Line: 39)

10/17/2021 17:03:39: Loaded localization CSV:localization_extra language:English
 
(Filename: C:\buildslave\unity\build\Runtime/Export/Debug/Debug.bindings.h Line: 39)

10/17/2021 17:03:39: Loaded localization CSV:localization language:English
 
(Filename: C:\buildslave\unity\build\Runtime/Export/Debug/Debug.bindings.h Line: 39)

10/17/2021 17:03:39: Loaded localization CSV:localization_extra language:English
 
(Filename: C:\buildslave\unity\build\Runtime/Export/Debug/Debug.bindings.h Line: 39)

10/17/2021 17:03:40: UI Group status changed Menu = True
 
(Filename: C:\buildslave\unity\build\Runtime/Export/Debug/Debug.bindings.h Line: 39)


Unloading 17 unused Assets to reduce memory usage. Loaded Objects now: 98622.
Total: 133.350800 ms (FindLiveObjects: 5.125500 ms CreateObjectMapping: 7.012400 ms MarkObjects: 120.749400 ms  DeleteObjects: 0.463000 ms)

10/17/2021 17:03:42: UI Group status changed Menu = True
 
(Filename: C:\buildslave\unity\build\Runtime/Export/Debug/Debug.bindings.h Line: 39)

10/17/2021 17:03:56: FOund selected Start game
 
(Filename: C:\buildslave\unity\build\Runtime/Export/Debug/Debug.bindings.h Line: 39)

10/17/2021 17:03:56: show character selection
 
(Filename: C:\buildslave\unity\build\Runtime/Export/Debug/Debug.bindings.h Line: 39)

10/17/2021 17:03:59: OnCharacterStart
 
(Filename: C:\buildslave\unity\build\Runtime/Export/Debug/Debug.bindings.h Line: 39)

Unloading 6 Unused Serialized files (Serialized files now loaded: 0)
UnloadTime: 10.444300 ms
10/17/2021 17:04:03: Loading player profile kaspe
 
(Filename: C:\buildslave\unity\build\Runtime/Export/Debug/Debug.bindings.h Line: 39)

10/17/2021 17:04:03: Zonesystem Awake 935
 
(Filename: C:\buildslave\unity\build\Runtime/Export/Debug/Debug.bindings.h Line: 39)

10/17/2021 17:04:03: DungeonDB Awake 935
 
(Filename: C:\buildslave\unity\build\Runtime/Export/Debug/Debug.bindings.h Line: 39)

10/17/2021 17:04:03: Steam initialized, persona:Kaspe
 
(Filename: C:\buildslave\unity\build\Runtime/Export/Debug/Debug.bindings.h Line: 39)

10/17/2021 17:04:07: Audioman already exist, destroying self
 
(Filename: C:\buildslave\unity\build\Runtime/Export/Debug/Debug.bindings.h Line: 39)

10/17/2021 17:04:07: Checking for installed DLCs
 
(Filename: C:\buildslave\unity\build\Runtime/Export/Debug/Debug.bindings.h Line: 39)

10/17/2021 17:04:07: DLC:beta installed:False
 
(Filename: C:\buildslave\unity\build\Runtime/Export/Debug/Debug.bindings.h Line: 39)


Unloading 516 unused Assets to reduce memory usage. Loaded Objects now: 97897.
Total: 70.872900 ms (FindLiveObjects: 4.457600 ms CreateObjectMapping: 6.653600 ms MarkObjects: 58.379000 ms  DeleteObjects: 1.382000 ms)

10/17/2021 17:04:11: Zonesystem Start 935
 
(Filename: C:\buildslave\unity\build\Runtime/Export/Debug/Debug.bindings.h Line: 39)

10/17/2021 17:04:11: Added 3 locations, 0 vegetations, 0 environments, 0 biome env-setups from locations_cp1
 
(Filename: C:\buildslave\unity\build\Runtime/Export/Debug/Debug.bindings.h Line: 39)

10/17/2021 17:04:11: DungeonDB Start 935
 
(Filename: C:\buildslave\unity\build\Runtime/Export/Debug/Debug.bindings.h Line: 39)

10/17/2021 17:04:12: Load world OutpostForaging
 
(Filename: C:\buildslave\unity\build\Runtime/Export/Debug/Debug.bindings.h Line: 39)

10/17/2021 17:04:12: Loading 340052 zdos , my id 2870628556 data version:28
 
(Filename: C:\buildslave\unity\build\Runtime/Export/Debug/Debug.bindings.h Line: 39)

10/17/2021 17:04:13: Loaded 100000 dead zdos
 
(Filename: C:\buildslave\unity\build\Runtime/Export/Debug/Debug.bindings.h Line: 39)

10/17/2021 17:04:13: Removed 0 OLD generated ZDOS
 
(Filename: C:\buildslave\unity\build\Runtime/Export/Debug/Debug.bindings.h Line: 39)

10/17/2021 17:04:13: Loaded 7274 locations
 
(Filename: C:\buildslave\unity\build\Runtime/Export/Debug/Debug.bindings.h Line: 39)

10/17/2021 17:04:13: Starting respawn
 
(Filename: C:\buildslave\unity\build\Runtime/Export/Debug/Debug.bindings.h Line: 39)

10/17/2021 17:04:24: Unpacking compressed mapdata 14925
 
(Filename: C:\buildslave\unity\build\Runtime/Export/Debug/Debug.bindings.h Line: 39)

10/17/2021 17:04:25: tip:$loadscreen_tip22
 
(Filename: C:\buildslave\unity\build\Runtime/Export/Debug/Debug.bindings.h Line: 39)

10/17/2021 17:04:28: Force generaeting hmap (-2112.0, 0.0, 6720.0)
 
(Filename: C:\buildslave\unity\build\Runtime/Export/Debug/Debug.bindings.h Line: 39)

10/17/2021 17:04:28: Force generaeting hmap (-1984.0, 0.0, 6720.0)
 
(Filename: C:\buildslave\unity\build\Runtime/Export/Debug/Debug.bindings.h Line: 39)

10/17/2021 17:04:28: Force generaeting hmap (-1920.0, 0.0, 6784.0)
 
(Filename: C:\buildslave\unity\build\Runtime/Export/Debug/Debug.bindings.h Line: 39)

10/17/2021 17:04:28: Force generaeting hmap (-2048.0, 0.0, 6720.0)
 
(Filename: C:\buildslave\unity\build\Runtime/Export/Debug/Debug.bindings.h Line: 39)

10/17/2021 17:04:28: Force generaeting hmap (-1920.0, 0.0, 6720.0)
 
(Filename: C:\buildslave\unity\build\Runtime/Export/Debug/Debug.bindings.h Line: 39)

10/17/2021 17:04:28: Force generaeting hmap (-1856.0, 0.0, 6720.0)
 
(Filename: C:\buildslave\unity\build\Runtime/Export/Debug/Debug.bindings.h Line: 39)

10/17/2021 17:04:28: Force generaeting hmap (-2112.0, 0.0, 6784.0)
 
(Filename: C:\buildslave\unity\build\Runtime/Export/Debug/Debug.bindings.h Line: 39)

10/17/2021 17:04:28: Force generaeting hmap (-2048.0, 0.0, 6784.0)
 
(Filename: C:\buildslave\unity\build\Runtime/Export/Debug/Debug.bindings.h Line: 39)

10/17/2021 17:04:28: Force generaeting hmap (-1984.0, 0.0, 6784.0)
 
(Filename: C:\buildslave\unity\build\Runtime/Export/Debug/Debug.bindings.h Line: 39)

10/17/2021 17:04:28: Force generaeting hmap (-2112.0, 0.0, 6912.0)
 
(Filename: C:\buildslave\unity\build\Runtime/Export/Debug/Debug.bindings.h Line: 39)

10/17/2021 17:04:28: Force generaeting hmap (-1856.0, 0.0, 6784.0)
 
(Filename: C:\buildslave\unity\build\Runtime/Export/Debug/Debug.bindings.h Line: 39)

10/17/2021 17:04:28: Force generaeting hmap (-2112.0, 0.0, 6848.0)
 
(Filename: C:\buildslave\unity\build\Runtime/Export/Debug/Debug.bindings.h Line: 39)

10/17/2021 17:04:28: Force generaeting hmap (-2112.0, 0.0, 6976.0)
 
(Filename: C:\buildslave\unity\build\Runtime/Export/Debug/Debug.bindings.h Line: 39)

10/17/2021 17:04:28: Setting saddle:False
 
(Filename: C:\buildslave\unity\build\Runtime/Export/Debug/Debug.bindings.h Line: 39)

10/17/2021 17:04:28: Setting saddle:False
 
(Filename: C:\buildslave\unity\build\Runtime/Export/Debug/Debug.bindings.h Line: 39)

10/17/2021 17:04:33: Spawned after 8,019994
 
(Filename: C:\buildslave\unity\build\Runtime/Export/Debug/Debug.bindings.h Line: 39)

10/17/2021 17:04:33: Minimap: Adding unique location (-5.9, 84.9, -196.1)
 
(Filename: C:\buildslave\unity\build\Runtime/Export/Debug/Debug.bindings.h Line: 39)

10/17/2021 17:04:33: Minimap: Adding unique location (1324.1, 52.2, -1718.6)
 
(Filename: C:\buildslave\unity\build\Runtime/Export/Debug/Debug.bindings.h Line: 39)

10/17/2021 17:04:35: Resumed music plains at 0
 
(Filename: C:\buildslave\unity\build\Runtime/Export/Debug/Debug.bindings.h Line: 39)

10/17/2021 17:04:44: Setting selected recipe 0
 
(Filename: C:\buildslave\unity\build\Runtime/Export/Debug/Debug.bindings.h Line: 39)

10/17/2021 17:04:44: UI Group status changed root = True
 
(Filename: C:\buildslave\unity\build\Runtime/Export/Debug/Debug.bindings.h Line: 39)

10/17/2021 17:04:44: UI Group status changed Player = True
 
(Filename: C:\buildslave\unity\build\Runtime/Export/Debug/Debug.bindings.h Line: 39)

10/17/2021 17:06:05: Setting selected recipe 0
 
(Filename: C:\buildslave\unity\build\Runtime/Export/Debug/Debug.bindings.h Line: 39)

10/17/2021 17:06:05: UI Group status changed root = True
 
(Filename: C:\buildslave\unity\build\Runtime/Export/Debug/Debug.bindings.h Line: 39)

10/17/2021 17:06:05: UI Group status changed Player = True
 
(Filename: C:\buildslave\unity\build\Runtime/Export/Debug/Debug.bindings.h Line: 39)

10/17/2021 17:06:06: Drop item $item_cloudberries
 
(Filename: C:\buildslave\unity\build\Runtime/Export/Debug/Debug.bindings.h Line: 39)

10/17/2021 17:06:06: drop all 3  3
 
(Filename: C:\buildslave\unity\build\Runtime/Export/Debug/Debug.bindings.h Line: 39)

10/17/2021 17:06:06: Setting selected recipe 0
 
(Filename: C:\buildslave\unity\build\Runtime/Export/Debug/Debug.bindings.h Line: 39)

10/17/2021 17:06:24: TRIGGER
 
(Filename: C:\buildslave\unity\build\Runtime/Export/Debug/Debug.bindings.h Line: 39)

10/17/2021 17:06:25: Stoped music plains at 4875225
 
(Filename: C:\buildslave\unity\build\Runtime/Export/Debug/Debug.bindings.h Line: 39)

10/17/2021 17:06:25: Resumed music plains at 4875225
 
(Filename: C:\buildslave\unity\build\Runtime/Export/Debug/Debug.bindings.h Line: 39)

10/17/2021 17:06:26: Stoped music plains at 4908152
 
(Filename: C:\buildslave\unity\build\Runtime/Export/Debug/Debug.bindings.h Line: 39)

10/17/2021 17:06:26: Resumed music home at 0
 
(Filename: C:\buildslave\unity\build\Runtime/Export/Debug/Debug.bindings.h Line: 39)

10/17/2021 17:06:27: Player 2870628556 wants to open piece_chest_wood(Clone)   im: 2870628556
 
(Filename: C:\buildslave\unity\build\Runtime/Export/Debug/Debug.bindings.h Line: 39)

10/17/2021 17:06:27: Setting selected recipe 0
 
(Filename: C:\buildslave\unity\build\Runtime/Export/Debug/Debug.bindings.h Line: 39)

10/17/2021 17:06:27: UI Group status changed root = True
 
(Filename: C:\buildslave\unity\build\Runtime/Export/Debug/Debug.bindings.h Line: 39)

10/17/2021 17:06:27: UI Group status changed Player = True
 
(Filename: C:\buildslave\unity\build\Runtime/Export/Debug/Debug.bindings.h Line: 39)

10/17/2021 17:06:30: TRIGGER
 
(Filename: C:\buildslave\unity\build\Runtime/Export/Debug/Debug.bindings.h Line: 39)

10/17/2021 17:06:30: Teleporting Kaspe
 
(Filename: C:\buildslave\unity\build\Runtime/Export/Debug/Debug.bindings.h Line: 39)

10/17/2021 17:06:33: Stoped music home at 299174
 
(Filename: C:\buildslave\unity\build\Runtime/Export/Debug/Debug.bindings.h Line: 39)

10/17/2021 17:06:33: Resumed music plains at 4908152
 
(Filename: C:\buildslave\unity\build\Runtime/Export/Debug/Debug.bindings.h Line: 39)

10/17/2021 17:06:35: Stoped music plains at 5021988
 
(Filename: C:\buildslave\unity\build\Runtime/Export/Debug/Debug.bindings.h Line: 39)

10/17/2021 17:06:35: Resumed music meadows at 0
 
(Filename: C:\buildslave\unity\build\Runtime/Export/Debug/Debug.bindings.h Line: 39)

10/17/2021 17:06:49: Player 2870628556 wants to open piece_chest_wood(Clone)   im: 2870628556
 
(Filename: C:\buildslave\unity\build\Runtime/Export/Debug/Debug.bindings.h Line: 39)

10/17/2021 17:06:49: Setting selected recipe 0
 
(Filename: C:\buildslave\unity\build\Runtime/Export/Debug/Debug.bindings.h Line: 39)

10/17/2021 17:06:50: UI Group status changed root = True
 
(Filename: C:\buildslave\unity\build\Runtime/Export/Debug/Debug.bindings.h Line: 39)

10/17/2021 17:06:50: UI Group status changed Player = True
 
(Filename: C:\buildslave\unity\build\Runtime/Export/Debug/Debug.bindings.h Line: 39)

10/17/2021 17:07:13: Stoped music meadows at 1634058
 
(Filename: C:\buildslave\unity\build\Runtime/Export/Debug/Debug.bindings.h Line: 39)

10/17/2021 17:07:13: Resumed music meadows at 1634058
 
(Filename: C:\buildslave\unity\build\Runtime/Export/Debug/Debug.bindings.h Line: 39)

10/17/2021 17:07:22: Stoped music meadows at 2054915
 
(Filename: C:\buildslave\unity\build\Runtime/Export/Debug/Debug.bindings.h Line: 39)

10/17/2021 17:07:22: Resumed music home at 299174
 
(Filename: C:\buildslave\unity\build\Runtime/Export/Debug/Debug.bindings.h Line: 39)

10/17/2021 17:07:26: Stoped music home at 445232
 
(Filename: C:\buildslave\unity\build\Runtime/Export/Debug/Debug.bindings.h Line: 39)

10/17/2021 17:07:26: Resumed music meadows at 2054915
 
(Filename: C:\buildslave\unity\build\Runtime/Export/Debug/Debug.bindings.h Line: 39)

10/17/2021 17:10:25: Placed mud_road_v2
 
(Filename: C:\buildslave\unity\build\Runtime/Export/Debug/Debug.bindings.h Line: 39)

10/17/2021 17:10:25: Placed mud_road_v2
 
(Filename: C:\buildslave\unity\build\Runtime/Export/Debug/Debug.bindings.h Line: 39)

10/17/2021 17:10:26: Placed mud_road_v2
 
(Filename: C:\buildslave\unity\build\Runtime/Export/Debug/Debug.bindings.h Line: 39)

10/17/2021 17:10:26: Placed mud_road_v2
 
(Filename: C:\buildslave\unity\build\Runtime/Export/Debug/Debug.bindings.h Line: 39)

10/17/2021 17:10:27: Placed mud_road_v2
 
(Filename: C:\buildslave\unity\build\Runtime/Export/Debug/Debug.bindings.h Line: 39)

10/17/2021 17:10:27: Placed mud_road_v2
 
(Filename: C:\buildslave\unity\build\Runtime/Export/Debug/Debug.bindings.h Line: 39)

10/17/2021 17:10:28: Placed mud_road_v2
 
(Filename: C:\buildslave\unity\build\Runtime/Export/Debug/Debug.bindings.h Line: 39)

10/17/2021 17:10:28: Placed mud_road_v2
 
(Filename: C:\buildslave\unity\build\Runtime/Export/Debug/Debug.bindings.h Line: 39)

10/17/2021 17:10:28: Placed mud_road_v2
 
(Filename: C:\buildslave\unity\build\Runtime/Export/Debug/Debug.bindings.h Line: 39)

10/17/2021 17:10:29: Placed mud_road_v2
 
(Filename: C:\buildslave\unity\build\Runtime/Export/Debug/Debug.bindings.h Line: 39)

10/17/2021 17:10:29: Placed mud_road_v2
 
(Filename: C:\buildslave\unity\build\Runtime/Export/Debug/Debug.bindings.h Line: 39)

10/17/2021 17:10:31: Placed mud_road_v2
 
(Filename: C:\buildslave\unity\build\Runtime/Export/Debug/Debug.bindings.h Line: 39)

10/17/2021 17:10:32: Placed mud_road_v2
 
(Filename: C:\buildslave\unity\build\Runtime/Export/Debug/Debug.bindings.h Line: 39)

10/17/2021 17:10:32: Placed mud_road_v2
 
(Filename: C:\buildslave\unity\build\Runtime/Export/Debug/Debug.bindings.h Line: 39)

10/17/2021 17:10:33: Placed mud_road_v2
 
(Filename: C:\buildslave\unity\build\Runtime/Export/Debug/Debug.bindings.h Line: 39)

10/17/2021 17:10:33: Placed mud_road_v2
 
(Filename: C:\buildslave\unity\build\Runtime/Export/Debug/Debug.bindings.h Line: 39)

10/17/2021 17:10:34: Placed mud_road_v2
 
(Filename: C:\buildslave\unity\build\Runtime/Export/Debug/Debug.bindings.h Line: 39)

10/17/2021 17:10:34: Placed mud_road_v2
 
(Filename: C:\buildslave\unity\build\Runtime/Export/Debug/Debug.bindings.h Line: 39)

10/17/2021 17:10:34: Placed mud_road_v2
 
(Filename: C:\buildslave\unity\build\Runtime/Export/Debug/Debug.bindings.h Line: 39)

10/17/2021 17:10:35: Placed mud_road_v2
 
(Filename: C:\buildslave\unity\build\Runtime/Export/Debug/Debug.bindings.h Line: 39)

10/17/2021 17:10:35: Placed mud_road_v2
 
(Filename: C:\buildslave\unity\build\Runtime/Export/Debug/Debug.bindings.h Line: 39)

10/17/2021 17:10:36: Placed mud_road_v2
 
(Filename: C:\buildslave\unity\build\Runtime/Export/Debug/Debug.bindings.h Line: 39)

10/17/2021 17:10:36: Placed mud_road_v2
 
(Filename: C:\buildslave\unity\build\Runtime/Export/Debug/Debug.bindings.h Line: 39)

10/17/2021 17:10:37: Placed mud_road_v2
 
(Filename: C:\buildslave\unity\build\Runtime/Export/Debug/Debug.bindings.h Line: 39)

10/17/2021 17:10:39: Placed mud_road_v2
 
(Filename: C:\buildslave\unity\build\Runtime/Export/Debug/Debug.bindings.h Line: 39)

10/17/2021 17:10:39: Placed mud_road_v2
 
(Filename: C:\buildslave\unity\build\Runtime/Export/Debug/Debug.bindings.h Line: 39)

10/17/2021 17:10:41: Placed mud_road_v2
 
(Filename: C:\buildslave\unity\build\Runtime/Export/Debug/Debug.bindings.h Line: 39)

10/17/2021 17:10:42: Placed mud_road_v2
 
(Filename: C:\buildslave\unity\build\Runtime/Export/Debug/Debug.bindings.h Line: 39)

10/17/2021 17:11:22: Setting selected recipe 1
 
(Filename: C:\buildslave\unity\build\Runtime/Export/Debug/Debug.bindings.h Line: 39)

10/17/2021 17:11:23: UI Group status changed root = True
 
(Filename: C:\buildslave\unity\build\Runtime/Export/Debug/Debug.bindings.h Line: 39)

10/17/2021 17:11:23: UI Group status changed Player = True
 
(Filename: C:\buildslave\unity\build\Runtime/Export/Debug/Debug.bindings.h Line: 39)

10/17/2021 17:11:28: Setting selected recipe 1
 
(Filename: C:\buildslave\unity\build\Runtime/Export/Debug/Debug.bindings.h Line: 39)

10/17/2021 17:11:28: UI Group status changed root = True
 
(Filename: C:\buildslave\unity\build\Runtime/Export/Debug/Debug.bindings.h Line: 39)

10/17/2021 17:11:28: UI Group status changed Player = True
 
(Filename: C:\buildslave\unity\build\Runtime/Export/Debug/Debug.bindings.h Line: 39)

10/17/2021 17:12:28: Setting selected recipe 1
 
(Filename: C:\buildslave\unity\build\Runtime/Export/Debug/Debug.bindings.h Line: 39)

10/17/2021 17:12:28: UI Group status changed root = True
 
(Filename: C:\buildslave\unity\build\Runtime/Export/Debug/Debug.bindings.h Line: 39)

10/17/2021 17:12:28: UI Group status changed Player = True
 
(Filename: C:\buildslave\unity\build\Runtime/Export/Debug/Debug.bindings.h Line: 39)

10/17/2021 17:13:14: UI Group status changed MenuRoot = True
 
(Filename: C:\buildslave\unity\build\Runtime/Export/Debug/Debug.bindings.h Line: 39)

Unloading 6 Unused Serialized files (Serialized files now loaded: 0)

Unloading 2421 unused Assets to reduce memory usage. Loaded Objects now: 1583253.
Total: 710.706400 ms (FindLiveObjects: 105.589400 ms CreateObjectMapping: 32.526400 ms MarkObjects: 563.233200 ms  DeleteObjects: 9.357100 ms)

10/17/2021 17:15:26: Setting selected recipe 1
 
(Filename: C:\buildslave\unity\build\Runtime/Export/Debug/Debug.bindings.h Line: 39)

10/17/2021 17:15:26: UI Group status changed root = True
 
(Filename: C:\buildslave\unity\build\Runtime/Export/Debug/Debug.bindings.h Line: 39)

10/17/2021 17:15:26: UI Group status changed Player = True
 
(Filename: C:\buildslave\unity\build\Runtime/Export/Debug/Debug.bindings.h Line: 39)

10/17/2021 17:16:01: Placed wood_dragon1
 
(Filename: C:\buildslave\unity\build\Runtime/Export/Debug/Debug.bindings.h Line: 39)

10/17/2021 17:17:13: Setting selected recipe 1
 
(Filename: C:\buildslave\unity\build\Runtime/Export/Debug/Debug.bindings.h Line: 39)

10/17/2021 17:17:13: UI Group status changed root = True
 
(Filename: C:\buildslave\unity\build\Runtime/Export/Debug/Debug.bindings.h Line: 39)

10/17/2021 17:17:13: UI Group status changed Player = True
 
(Filename: C:\buildslave\unity\build\Runtime/Export/Debug/Debug.bindings.h Line: 39)

10/17/2021 17:17:48: Placed wood_pole
 
(Filename: C:\buildslave\unity\build\Runtime/Export/Debug/Debug.bindings.h Line: 39)

10/17/2021 17:17:52: Placed wood_beam
 
(Filename: C:\buildslave\unity\build\Runtime/Export/Debug/Debug.bindings.h Line: 39)

10/17/2021 17:17:53: Placed wood_beam
 
(Filename: C:\buildslave\unity\build\Runtime/Export/Debug/Debug.bindings.h Line: 39)

10/17/2021 17:17:54: Placed wood_pole
 
(Filename: C:\buildslave\unity\build\Runtime/Export/Debug/Debug.bindings.h Line: 39)

10/17/2021 17:18:02: Placed wood_pole
 
(Filename: C:\buildslave\unity\build\Runtime/Export/Debug/Debug.bindings.h Line: 39)

10/17/2021 17:18:05: Placed wood_beam
 
(Filename: C:\buildslave\unity\build\Runtime/Export/Debug/Debug.bindings.h Line: 39)

10/17/2021 17:18:07: Placed wood_beam
 
(Filename: C:\buildslave\unity\build\Runtime/Export/Debug/Debug.bindings.h Line: 39)

10/17/2021 17:18:08: Placed wood_pole
 
(Filename: C:\buildslave\unity\build\Runtime/Export/Debug/Debug.bindings.h Line: 39)

10/17/2021 17:18:17: Placed wood_pole
 
(Filename: C:\buildslave\unity\build\Runtime/Export/Debug/Debug.bindings.h Line: 39)

10/17/2021 17:18:20: Placed wood_beam
 
(Filename: C:\buildslave\unity\build\Runtime/Export/Debug/Debug.bindings.h Line: 39)

10/17/2021 17:18:22: Placed wood_beam
 
(Filename: C:\buildslave\unity\build\Runtime/Export/Debug/Debug.bindings.h Line: 39)

10/17/2021 17:18:23: Placed wood_pole
 
(Filename: C:\buildslave\unity\build\Runtime/Export/Debug/Debug.bindings.h Line: 39)

10/17/2021 17:20:46: Placed mud_road_v2
 
(Filename: C:\buildslave\unity\build\Runtime/Export/Debug/Debug.bindings.h Line: 39)

10/17/2021 17:20:47: Placed mud_road_v2
 
(Filename: C:\buildslave\unity\build\Runtime/Export/Debug/Debug.bindings.h Line: 39)

10/17/2021 17:20:47: Placed mud_road_v2
 
(Filename: C:\buildslave\unity\build\Runtime/Export/Debug/Debug.bindings.h Line: 39)

10/17/2021 17:20:48: Placed mud_road_v2
 
(Filename: C:\buildslave\unity\build\Runtime/Export/Debug/Debug.bindings.h Line: 39)

10/17/2021 17:20:48: Placed mud_road_v2
 
(Filename: C:\buildslave\unity\build\Runtime/Export/Debug/Debug.bindings.h Line: 39)

10/17/2021 17:20:49: Placed mud_road_v2
 
(Filename: C:\buildslave\unity\build\Runtime/Export/Debug/Debug.bindings.h Line: 39)

10/17/2021 17:20:49: Placed mud_road_v2
 
(Filename: C:\buildslave\unity\build\Runtime/Export/Debug/Debug.bindings.h Line: 39)

10/17/2021 17:20:50: Placed mud_road_v2
 
(Filename: C:\buildslave\unity\build\Runtime/Export/Debug/Debug.bindings.h Line: 39)

10/17/2021 17:20:50: Placed mud_road_v2
 
(Filename: C:\buildslave\unity\build\Runtime/Export/Debug/Debug.bindings.h Line: 39)

10/17/2021 17:20:50: Placed mud_road_v2
 
(Filename: C:\buildslave\unity\build\Runtime/Export/Debug/Debug.bindings.h Line: 39)

10/17/2021 17:20:51: Placed mud_road_v2
 
(Filename: C:\buildslave\unity\build\Runtime/Export/Debug/Debug.bindings.h Line: 39)

10/17/2021 17:20:51: Placed mud_road_v2
 
(Filename: C:\buildslave\unity\build\Runtime/Export/Debug/Debug.bindings.h Line: 39)

10/17/2021 17:20:52: Placed mud_road_v2
 
(Filename: C:\buildslave\unity\build\Runtime/Export/Debug/Debug.bindings.h Line: 39)

10/17/2021 17:20:52: Placed mud_road_v2
 
(Filename: C:\buildslave\unity\build\Runtime/Export/Debug/Debug.bindings.h Line: 39)

10/17/2021 17:20:53: Placed mud_road_v2
 
(Filename: C:\buildslave\unity\build\Runtime/Export/Debug/Debug.bindings.h Line: 39)

10/17/2021 17:20:54: Placed mud_road_v2
 
(Filename: C:\buildslave\unity\build\Runtime/Export/Debug/Debug.bindings.h Line: 39)

10/17/2021 17:20:55: Placed mud_road_v2
 
(Filename: C:\buildslave\unity\build\Runtime/Export/Debug/Debug.bindings.h Line: 39)

10/17/2021 17:20:55: Placed mud_road_v2
 
(Filename: C:\buildslave\unity\build\Runtime/Export/Debug/Debug.bindings.h Line: 39)

10/17/2021 17:20:57: Placed mud_road_v2
 
(Filename: C:\buildslave\unity\build\Runtime/Export/Debug/Debug.bindings.h Line: 39)

10/17/2021 17:20:57: Placed mud_road_v2
 
(Filename: C:\buildslave\unity\build\Runtime/Export/Debug/Debug.bindings.h Line: 39)

10/17/2021 17:20:58: Placed mud_road_v2
 
(Filename: C:\buildslave\unity\build\Runtime/Export/Debug/Debug.bindings.h Line: 39)

10/17/2021 17:20:58: Placed mud_road_v2
 
(Filename: C:\buildslave\unity\build\Runtime/Export/Debug/Debug.bindings.h Line: 39)

10/17/2021 17:20:58: Placed mud_road_v2
 
(Filename: C:\buildslave\unity\build\Runtime/Export/Debug/Debug.bindings.h Line: 39)

10/17/2021 17:20:59: Placed mud_road_v2
 
(Filename: C:\buildslave\unity\build\Runtime/Export/Debug/Debug.bindings.h Line: 39)

10/17/2021 17:20:59: Placed mud_road_v2
 
(Filename: C:\buildslave\unity\build\Runtime/Export/Debug/Debug.bindings.h Line: 39)

10/17/2021 17:21:02: Placed mud_road_v2
 
(Filename: C:\buildslave\unity\build\Runtime/Export/Debug/Debug.bindings.h Line: 39)

10/17/2021 17:22:00: Spawned Greyling x 1
 
(Filename: C:\buildslave\unity\build\Runtime/Export/Debug/Debug.bindings.h Line: 39)

10/17/2021 17:22:07: Placed mud_road_v2
 
(Filename: C:\buildslave\unity\build\Runtime/Export/Debug/Debug.bindings.h Line: 39)

10/17/2021 17:22:07: Placed mud_road_v2
 
(Filename: C:\buildslave\unity\build\Runtime/Export/Debug/Debug.bindings.h Line: 39)

10/17/2021 17:22:08: Placed mud_road_v2
 
(Filename: C:\buildslave\unity\build\Runtime/Export/Debug/Debug.bindings.h Line: 39)

10/17/2021 17:22:08: Placed mud_road_v2
 
(Filename: C:\buildslave\unity\build\Runtime/Export/Debug/Debug.bindings.h Line: 39)

10/17/2021 17:22:09: Placed mud_road_v2
 
(Filename: C:\buildslave\unity\build\Runtime/Export/Debug/Debug.bindings.h Line: 39)

10/17/2021 17:22:09: Placed mud_road_v2
 
(Filename: C:\buildslave\unity\build\Runtime/Export/Debug/Debug.bindings.h Line: 39)

10/17/2021 17:22:10: Placed mud_road_v2
 
(Filename: C:\buildslave\unity\build\Runtime/Export/Debug/Debug.bindings.h Line: 39)

10/17/2021 17:22:10: Placed mud_road_v2
 
(Filename: C:\buildslave\unity\build\Runtime/Export/Debug/Debug.bindings.h Line: 39)

10/17/2021 17:22:10: Placed mud_road_v2
 
(Filename: C:\buildslave\unity\build\Runtime/Export/Debug/Debug.bindings.h Line: 39)

10/17/2021 17:22:11: Placed mud_road_v2
 
(Filename: C:\buildslave\unity\build\Runtime/Export/Debug/Debug.bindings.h Line: 39)

10/17/2021 17:22:11: Placed mud_road_v2
 
(Filename: C:\buildslave\unity\build\Runtime/Export/Debug/Debug.bindings.h Line: 39)

10/17/2021 17:22:12: Placed mud_road_v2
 
(Filename: C:\buildslave\unity\build\Runtime/Export/Debug/Debug.bindings.h Line: 39)

10/17/2021 17:22:12: Placed mud_road_v2
 
(Filename: C:\buildslave\unity\build\Runtime/Export/Debug/Debug.bindings.h Line: 39)

10/17/2021 17:22:13: Placed mud_road_v2
 
(Filename: C:\buildslave\unity\build\Runtime/Export/Debug/Debug.bindings.h Line: 39)

10/17/2021 17:22:16: Placed mud_road_v2
 
(Filename: C:\buildslave\unity\build\Runtime/Export/Debug/Debug.bindings.h Line: 39)

10/17/2021 17:22:18: Placed mud_road_v2
 
(Filename: C:\buildslave\unity\build\Runtime/Export/Debug/Debug.bindings.h Line: 39)

10/17/2021 17:22:19: Setting selected recipe 0
 
(Filename: C:\buildslave\unity\build\Runtime/Export/Debug/Debug.bindings.h Line: 39)

10/17/2021 17:22:19: UI Group status changed root = True
 
(Filename: C:\buildslave\unity\build\Runtime/Export/Debug/Debug.bindings.h Line: 39)

10/17/2021 17:22:19: UI Group status changed Player = True
 
(Filename: C:\buildslave\unity\build\Runtime/Export/Debug/Debug.bindings.h Line: 39)

10/17/2021 17:22:27: Placed mud_road_v2
 
(Filename: C:\buildslave\unity\build\Runtime/Export/Debug/Debug.bindings.h Line: 39)

10/17/2021 17:22:28: Placed mud_road_v2
 
(Filename: C:\buildslave\unity\build\Runtime/Export/Debug/Debug.bindings.h Line: 39)

10/17/2021 17:22:29: Placed mud_road_v2
 
(Filename: C:\buildslave\unity\build\Runtime/Export/Debug/Debug.bindings.h Line: 39)

10/17/2021 17:22:29: Placed mud_road_v2
 
(Filename: C:\buildslave\unity\build\Runtime/Export/Debug/Debug.bindings.h Line: 39)

10/17/2021 17:22:29: Placed mud_road_v2
 
(Filename: C:\buildslave\unity\build\Runtime/Export/Debug/Debug.bindings.h Line: 39)

10/17/2021 17:22:30: Placed mud_road_v2
 
(Filename: C:\buildslave\unity\build\Runtime/Export/Debug/Debug.bindings.h Line: 39)

10/17/2021 17:22:30: Placed mud_road_v2
 
(Filename: C:\buildslave\unity\build\Runtime/Export/Debug/Debug.bindings.h Line: 39)

10/17/2021 17:22:31: Placed mud_road_v2
 
(Filename: C:\buildslave\unity\build\Runtime/Export/Debug/Debug.bindings.h Line: 39)

10/17/2021 17:22:31: Placed mud_road_v2
 
(Filename: C:\buildslave\unity\build\Runtime/Export/Debug/Debug.bindings.h Line: 39)

10/17/2021 17:23:00: Stoped music meadows at 4410594
 
(Filename: C:\buildslave\unity\build\Runtime/Export/Debug/Debug.bindings.h Line: 39)

10/17/2021 17:23:32: UI Group status changed MenuRoot = True
 
(Filename: C:\buildslave\unity\build\Runtime/Export/Debug/Debug.bindings.h Line: 39)

10/17/2021 17:24:17: Placed mud_road_v2
 
(Filename: C:\buildslave\unity\build\Runtime/Export/Debug/Debug.bindings.h Line: 39)

10/17/2021 17:24:18: Placed mud_road_v2
 
(Filename: C:\buildslave\unity\build\Runtime/Export/Debug/Debug.bindings.h Line: 39)

10/17/2021 17:24:18: Placed mud_road_v2
 
(Filename: C:\buildslave\unity\build\Runtime/Export/Debug/Debug.bindings.h Line: 39)

10/17/2021 17:24:25: Uncompressed size 8390363
 
(Filename: C:\buildslave\unity\build\Runtime/Export/Debug/Debug.bindings.h Line: 39)

10/17/2021 17:24:25: Compressed size 14925
 
(Filename: C:\buildslave\unity\build\Runtime/Export/Debug/Debug.bindings.h Line: 39)

10/17/2021 17:24:26: clone 570
 
(Filename: C:\buildslave\unity\build\Runtime/Export/Debug/Debug.bindings.h Line: 39)

Unloading 0 Unused Serialized files (Serialized files now loaded: 0)

Unloading 3319 unused Assets to reduce memory usage. Loaded Objects now: 1584082.
Total: 820.142500 ms (FindLiveObjects: 124.596200 ms CreateObjectMapping: 40.321300 ms MarkObjects: 642.465400 ms  DeleteObjects: 12.759000 ms)

10/17/2021 17:24:28: Saved 340052 zdos
 
(Filename: C:\buildslave\unity\build\Runtime/Export/Debug/Debug.bindings.h Line: 39)

10/17/2021 17:24:28: World saved ( 1612,1467ms )
 
(Filename: C:\buildslave\unity\build\Runtime/Export/Debug/Debug.bindings.h Line: 39)

10/17/2021 17:24:49: Disabling PlayerBase  character_trigger
 
(Filename: C:\buildslave\unity\build\Runtime/Export/Debug/Debug.bindings.h Line: 39)

10/17/2021 17:24:51: Placed piece_stonecutter
 
(Filename: C:\buildslave\unity\build\Runtime/Export/Debug/Debug.bindings.h Line: 39)

10/17/2021 17:24:51: Disabling PlayerBase  character_trigger
 
(Filename: C:\buildslave\unity\build\Runtime/Export/Debug/Debug.bindings.h Line: 39)

10/17/2021 17:24:51: Disabling PlayerBase  character_trigger
 
(Filename: C:\buildslave\unity\build\Runtime/Export/Debug/Debug.bindings.h Line: 39)

10/17/2021 17:24:51: Disabling PlayerBase  character_trigger
 
(Filename: C:\buildslave\unity\build\Runtime/Export/Debug/Debug.bindings.h Line: 39)

10/17/2021 17:24:57: Placed mud_road_v2
 
(Filename: C:\buildslave\unity\build\Runtime/Export/Debug/Debug.bindings.h Line: 39)

10/17/2021 17:24:58: Placed mud_road_v2
 
(Filename: C:\buildslave\unity\build\Runtime/Export/Debug/Debug.bindings.h Line: 39)

10/17/2021 17:24:58: Placed mud_road_v2
 
(Filename: C:\buildslave\unity\build\Runtime/Export/Debug/Debug.bindings.h Line: 39)

10/17/2021 17:24:59: Placed mud_road_v2
 
(Filename: C:\buildslave\unity\build\Runtime/Export/Debug/Debug.bindings.h Line: 39)

10/17/2021 17:24:59: Placed mud_road_v2
 
(Filename: C:\buildslave\unity\build\Runtime/Export/Debug/Debug.bindings.h Line: 39)

10/17/2021 17:25:00: Placed mud_road_v2
 
(Filename: C:\buildslave\unity\build\Runtime/Export/Debug/Debug.bindings.h Line: 39)

10/17/2021 17:25:00: Placed mud_road_v2
 
(Filename: C:\buildslave\unity\build\Runtime/Export/Debug/Debug.bindings.h Line: 39)

10/17/2021 17:25:00: Placed mud_road_v2
 
(Filename: C:\buildslave\unity\build\Runtime/Export/Debug/Debug.bindings.h Line: 39)

10/17/2021 17:25:01: Placed mud_road_v2
 
(Filename: C:\buildslave\unity\build\Runtime/Export/Debug/Debug.bindings.h Line: 39)

10/17/2021 17:25:01: Placed mud_road_v2
 
(Filename: C:\buildslave\unity\build\Runtime/Export/Debug/Debug.bindings.h Line: 39)

10/17/2021 17:25:02: Placed mud_road_v2
 
(Filename: C:\buildslave\unity\build\Runtime/Export/Debug/Debug.bindings.h Line: 39)

10/17/2021 17:25:02: Placed mud_road_v2
 
(Filename: C:\buildslave\unity\build\Runtime/Export/Debug/Debug.bindings.h Line: 39)

10/17/2021 17:25:02: Placed mud_road_v2
 
(Filename: C:\buildslave\unity\build\Runtime/Export/Debug/Debug.bindings.h Line: 39)

10/17/2021 17:25:03: Placed mud_road_v2
 
(Filename: C:\buildslave\unity\build\Runtime/Export/Debug/Debug.bindings.h Line: 39)

10/17/2021 17:25:03: Placed mud_road_v2
 
(Filename: C:\buildslave\unity\build\Runtime/Export/Debug/Debug.bindings.h Line: 39)

10/17/2021 17:25:04: Placed mud_road_v2
 
(Filename: C:\buildslave\unity\build\Runtime/Export/Debug/Debug.bindings.h Line: 39)

10/17/2021 17:25:04: Placed mud_road_v2
 
(Filename: C:\buildslave\unity\build\Runtime/Export/Debug/Debug.bindings.h Line: 39)

10/17/2021 17:25:04: Placed mud_road_v2
 
(Filename: C:\buildslave\unity\build\Runtime/Export/Debug/Debug.bindings.h Line: 39)

10/17/2021 17:25:06: Placed mud_road_v2
 
(Filename: C:\buildslave\unity\build\Runtime/Export/Debug/Debug.bindings.h Line: 39)

10/17/2021 17:25:06: Placed mud_road_v2
 
(Filename: C:\buildslave\unity\build\Runtime/Export/Debug/Debug.bindings.h Line: 39)

10/17/2021 17:25:07: Placed mud_road_v2
 
(Filename: C:\buildslave\unity\build\Runtime/Export/Debug/Debug.bindings.h Line: 39)

10/17/2021 17:25:07: Placed mud_road_v2
 
(Filename: C:\buildslave\unity\build\Runtime/Export/Debug/Debug.bindings.h Line: 39)

10/17/2021 17:25:08: Placed mud_road_v2
 
(Filename: C:\buildslave\unity\build\Runtime/Export/Debug/Debug.bindings.h Line: 39)

10/17/2021 17:25:08: Placed mud_road_v2
 
(Filename: C:\buildslave\unity\build\Runtime/Export/Debug/Debug.bindings.h Line: 39)

10/17/2021 17:25:08: Placed mud_road_v2
 
(Filename: C:\buildslave\unity\build\Runtime/Export/Debug/Debug.bindings.h Line: 39)

10/17/2021 17:25:09: Placed mud_road_v2
 
(Filename: C:\buildslave\unity\build\Runtime/Export/Debug/Debug.bindings.h Line: 39)

10/17/2021 17:25:09: Placed mud_road_v2
 
(Filename: C:\buildslave\unity\build\Runtime/Export/Debug/Debug.bindings.h Line: 39)

10/17/2021 17:25:10: Placed mud_road_v2
 
(Filename: C:\buildslave\unity\build\Runtime/Export/Debug/Debug.bindings.h Line: 39)

10/17/2021 17:25:11: Disabling PlayerBase  character_trigger
 
(Filename: C:\buildslave\unity\build\Runtime/Export/Debug/Debug.bindings.h Line: 39)

10/17/2021 17:25:16: Setting selected recipe 2
 
(Filename: C:\buildslave\unity\build\Runtime/Export/Debug/Debug.bindings.h Line: 39)

10/17/2021 17:25:16: UI Group status changed root = True
 
(Filename: C:\buildslave\unity\build\Runtime/Export/Debug/Debug.bindings.h Line: 39)

10/17/2021 17:25:16: UI Group status changed Player = True
 
(Filename: C:\buildslave\unity\build\Runtime/Export/Debug/Debug.bindings.h Line: 39)

10/17/2021 17:25:34: TRIGGER
 
(Filename: C:\buildslave\unity\build\Runtime/Export/Debug/Debug.bindings.h Line: 39)

10/17/2021 17:25:34: Teleporting Kaspe
 
(Filename: C:\buildslave\unity\build\Runtime/Export/Debug/Debug.bindings.h Line: 39)

10/17/2021 17:25:52: Stoped music home at 466585
 
(Filename: C:\buildslave\unity\build\Runtime/Export/Debug/Debug.bindings.h Line: 39)

10/17/2021 17:25:57: Resumed music home at 466585
 
(Filename: C:\buildslave\unity\build\Runtime/Export/Debug/Debug.bindings.h Line: 39)

10/17/2021 17:26:02: Stoped music home at 672044
 
(Filename: C:\buildslave\unity\build\Runtime/Export/Debug/Debug.bindings.h Line: 39)

10/17/2021 17:26:04: Resumed music home at 672044
 
(Filename: C:\buildslave\unity\build\Runtime/Export/Debug/Debug.bindings.h Line: 39)

10/17/2021 17:26:07: Is mine
 
(Filename: C:\buildslave\unity\build\Runtime/Export/Debug/Debug.bindings.h Line: 39)

10/17/2021 17:26:07: is current spawnpoint
 
(Filename: C:\buildslave\unity\build\Runtime/Export/Debug/Debug.bindings.h Line: 39)

10/17/2021 17:26:07: exporeusre check 1  True
 
(Filename: C:\buildslave\unity\build\Runtime/Export/Debug/Debug.bindings.h Line: 39)

10/17/2021 17:26:07: Ignoring 4 colliders
 
(Filename: C:\buildslave\unity\build\Runtime/Export/Debug/Debug.bindings.h Line: 39)

10/17/2021 17:26:09: Time 151119,659938093, day:83    nextm:151470,000010729  skipspeed:29,1950060529634
 
(Filename: C:\buildslave\unity\build\Runtime/Export/Debug/Debug.bindings.h Line: 39)

10/17/2021 17:26:28: Stoped music home at 1744174
 
(Filename: C:\buildslave\unity\build\Runtime/Export/Debug/Debug.bindings.h Line: 39)

10/17/2021 17:27:02: Resumed music meadows at 4410594
 
(Filename: C:\buildslave\unity\build\Runtime/Export/Debug/Debug.bindings.h Line: 39)

10/17/2021 17:27:42: Setting selected recipe 2
 
(Filename: C:\buildslave\unity\build\Runtime/Export/Debug/Debug.bindings.h Line: 39)

10/17/2021 17:27:43: UI Group status changed root = True
 
(Filename: C:\buildslave\unity\build\Runtime/Export/Debug/Debug.bindings.h Line: 39)

10/17/2021 17:27:43: UI Group status changed Player = True
 
(Filename: C:\buildslave\unity\build\Runtime/Export/Debug/Debug.bindings.h Line: 39)

10/17/2021 17:27:43: Stoped music meadows at 6235768
 
(Filename: C:\buildslave\unity\build\Runtime/Export/Debug/Debug.bindings.h Line: 39)

10/17/2021 17:27:43: Resumed music meadows at 6235768
 
(Filename: C:\buildslave\unity\build\Runtime/Export/Debug/Debug.bindings.h Line: 39)

10/17/2021 17:28:06: Setting selected recipe 2
 
(Filename: C:\buildslave\unity\build\Runtime/Export/Debug/Debug.bindings.h Line: 39)

10/17/2021 17:28:06: UI Group status changed root = True
 
(Filename: C:\buildslave\unity\build\Runtime/Export/Debug/Debug.bindings.h Line: 39)

10/17/2021 17:28:06: UI Group status changed Player = True
 
(Filename: C:\buildslave\unity\build\Runtime/Export/Debug/Debug.bindings.h Line: 39)

10/17/2021 17:28:15: Compressed map data:10638
 
(Filename: C:\buildslave\unity\build\Runtime/Export/Debug/Debug.bindings.h Line: 39)

10/17/2021 17:28:15: Compressed map data:10638
 
(Filename: C:\buildslave\unity\build\Runtime/Export/Debug/Debug.bindings.h Line: 39)

10/17/2021 17:28:16: Compressed map data:10638
 
(Filename: C:\buildslave\unity\build\Runtime/Export/Debug/Debug.bindings.h Line: 39)

10/17/2021 17:28:16: Stoped music meadows at 7667484
 
(Filename: C:\buildslave\unity\build\Runtime/Export/Debug/Debug.bindings.h Line: 39)

10/17/2021 17:28:16: Resumed music home at 1744174
 
(Filename: C:\buildslave\unity\build\Runtime/Export/Debug/Debug.bindings.h Line: 39)

10/17/2021 17:28:16: Compressed map data:10638
 
(Filename: C:\buildslave\unity\build\Runtime/Export/Debug/Debug.bindings.h Line: 39)

10/17/2021 17:28:18: Setting selected recipe 16
 
(Filename: C:\buildslave\unity\build\Runtime/Export/Debug/Debug.bindings.h Line: 39)

10/17/2021 17:28:18: UI Group status changed root = True
 
(Filename: C:\buildslave\unity\build\Runtime/Export/Debug/Debug.bindings.h Line: 39)

10/17/2021 17:28:18: UI Group status changed Player = True
 
(Filename: C:\buildslave\unity\build\Runtime/Export/Debug/Debug.bindings.h Line: 39)

10/17/2021 17:28:21: Setting selected recipe 0
 
(Filename: C:\buildslave\unity\build\Runtime/Export/Debug/Debug.bindings.h Line: 39)

10/17/2021 17:28:21: UI Group status changed root = True
 
(Filename: C:\buildslave\unity\build\Runtime/Export/Debug/Debug.bindings.h Line: 39)

10/17/2021 17:28:21: UI Group status changed Player = True
 
(Filename: C:\buildslave\unity\build\Runtime/Export/Debug/Debug.bindings.h Line: 39)

10/17/2021 17:28:24: Setting selected recipe 0
 
(Filename: C:\buildslave\unity\build\Runtime/Export/Debug/Debug.bindings.h Line: 39)

10/17/2021 17:28:26: Setting selected recipe 7
 
(Filename: C:\buildslave\unity\build\Runtime/Export/Debug/Debug.bindings.h Line: 39)

10/17/2021 17:28:27: Setting selected recipe 6
 
(Filename: C:\buildslave\unity\build\Runtime/Export/Debug/Debug.bindings.h Line: 39)

10/17/2021 17:28:28: Setting selected recipe 5
 
(Filename: C:\buildslave\unity\build\Runtime/Export/Debug/Debug.bindings.h Line: 39)

10/17/2021 17:28:28: Setting selected recipe 4
 
(Filename: C:\buildslave\unity\build\Runtime/Export/Debug/Debug.bindings.h Line: 39)

10/17/2021 17:28:29: Setting selected recipe 3
 
(Filename: C:\buildslave\unity\build\Runtime/Export/Debug/Debug.bindings.h Line: 39)

10/17/2021 17:28:30: Setting selected recipe 2
 
(Filename: C:\buildslave\unity\build\Runtime/Export/Debug/Debug.bindings.h Line: 39)

10/17/2021 17:28:31: Setting selected recipe 1
 
(Filename: C:\buildslave\unity\build\Runtime/Export/Debug/Debug.bindings.h Line: 39)

10/17/2021 17:28:32: Setting selected recipe 0
 
(Filename: C:\buildslave\unity\build\Runtime/Export/Debug/Debug.bindings.h Line: 39)

10/17/2021 17:28:32: Setting selected recipe 3
 
(Filename: C:\buildslave\unity\build\Runtime/Export/Debug/Debug.bindings.h Line: 39)

10/17/2021 17:28:33: Setting selected recipe 4
 
(Filename: C:\buildslave\unity\build\Runtime/Export/Debug/Debug.bindings.h Line: 39)

10/17/2021 17:28:37: Player 2870628556 wants to open piece_chest_wood(Clone)   im: 2870628556
 
(Filename: C:\buildslave\unity\build\Runtime/Export/Debug/Debug.bindings.h Line: 39)

10/17/2021 17:28:37: Setting selected recipe 0
 
(Filename: C:\buildslave\unity\build\Runtime/Export/Debug/Debug.bindings.h Line: 39)

10/17/2021 17:28:37: UI Group status changed root = True
 
(Filename: C:\buildslave\unity\build\Runtime/Export/Debug/Debug.bindings.h Line: 39)

10/17/2021 17:28:37: UI Group status changed Player = True
 
(Filename: C:\buildslave\unity\build\Runtime/Export/Debug/Debug.bindings.h Line: 39)

10/17/2021 17:28:38: Setting selected recipe 0
 
(Filename: C:\buildslave\unity\build\Runtime/Export/Debug/Debug.bindings.h Line: 39)

10/17/2021 17:28:39: Player 2870628556 wants to open piece_chest(Clone)   im: 2870628556
 
(Filename: C:\buildslave\unity\build\Runtime/Export/Debug/Debug.bindings.h Line: 39)

10/17/2021 17:28:39: Setting selected recipe 0
 
(Filename: C:\buildslave\unity\build\Runtime/Export/Debug/Debug.bindings.h Line: 39)

10/17/2021 17:28:39: UI Group status changed root = True
 
(Filename: C:\buildslave\unity\build\Runtime/Export/Debug/Debug.bindings.h Line: 39)

10/17/2021 17:28:39: UI Group status changed Player = True
 
(Filename: C:\buildslave\unity\build\Runtime/Export/Debug/Debug.bindings.h Line: 39)

10/17/2021 17:28:40: Stoped music home at 2806933
 
(Filename: C:\buildslave\unity\build\Runtime/Export/Debug/Debug.bindings.h Line: 39)

10/17/2021 17:28:40: Resumed music meadows at 7667484
 
(Filename: C:\buildslave\unity\build\Runtime/Export/Debug/Debug.bindings.h Line: 39)

10/17/2021 17:28:42: Stoped music meadows at 7742866
 
(Filename: C:\buildslave\unity\build\Runtime/Export/Debug/Debug.bindings.h Line: 39)

10/17/2021 17:28:42: Resumed music home at 2806933
 
(Filename: C:\buildslave\unity\build\Runtime/Export/Debug/Debug.bindings.h Line: 39)

10/17/2021 17:28:45: Player 2870628556 wants to open piece_chest(Clone)   im: 2870628556
 
(Filename: C:\buildslave\unity\build\Runtime/Export/Debug/Debug.bindings.h Line: 39)

10/17/2021 17:28:45: Setting selected recipe 0
 
(Filename: C:\buildslave\unity\build\Runtime/Export/Debug/Debug.bindings.h Line: 39)

10/17/2021 17:28:45: UI Group status changed root = True
 
(Filename: C:\buildslave\unity\build\Runtime/Export/Debug/Debug.bindings.h Line: 39)

10/17/2021 17:28:45: UI Group status changed Player = True
 
(Filename: C:\buildslave\unity\build\Runtime/Export/Debug/Debug.bindings.h Line: 39)

10/17/2021 17:28:46: Player 2870628556 wants to open piece_chest(Clone)   im: 2870628556
 
(Filename: C:\buildslave\unity\build\Runtime/Export/Debug/Debug.bindings.h Line: 39)

10/17/2021 17:28:46: Setting selected recipe 0
 
(Filename: C:\buildslave\unity\build\Runtime/Export/Debug/Debug.bindings.h Line: 39)

10/17/2021 17:28:46: UI Group status changed root = True
 
(Filename: C:\buildslave\unity\build\Runtime/Export/Debug/Debug.bindings.h Line: 39)

10/17/2021 17:28:46: UI Group status changed Player = True
 
(Filename: C:\buildslave\unity\build\Runtime/Export/Debug/Debug.bindings.h Line: 39)

10/17/2021 17:28:47: Player 2870628556 wants to open piece_chest(Clone)   im: 2870628556
 
(Filename: C:\buildslave\unity\build\Runtime/Export/Debug/Debug.bindings.h Line: 39)

10/17/2021 17:28:47: Setting selected recipe 0
 
(Filename: C:\buildslave\unity\build\Runtime/Export/Debug/Debug.bindings.h Line: 39)

10/17/2021 17:28:47: UI Group status changed root = True
 
(Filename: C:\buildslave\unity\build\Runtime/Export/Debug/Debug.bindings.h Line: 39)

10/17/2021 17:28:47: UI Group status changed Player = True
 
(Filename: C:\buildslave\unity\build\Runtime/Export/Debug/Debug.bindings.h Line: 39)

10/17/2021 17:28:49: Player 2870628556 wants to open piece_chest(Clone)   im: 2870628556
 
(Filename: C:\buildslave\unity\build\Runtime/Export/Debug/Debug.bindings.h Line: 39)

10/17/2021 17:28:49: Setting selected recipe 0
 
(Filename: C:\buildslave\unity\build\Runtime/Export/Debug/Debug.bindings.h Line: 39)

10/17/2021 17:28:49: UI Group status changed root = True
 
(Filename: C:\buildslave\unity\build\Runtime/Export/Debug/Debug.bindings.h Line: 39)

10/17/2021 17:28:49: UI Group status changed Player = True
 
(Filename: C:\buildslave\unity\build\Runtime/Export/Debug/Debug.bindings.h Line: 39)

10/17/2021 17:28:54: Item is not in this container
 
(Filename: C:\buildslave\unity\build\Runtime/Export/Debug/Debug.bindings.h Line: 39)

10/17/2021 17:28:54: Setting selected recipe 0
 
(Filename: C:\buildslave\unity\build\Runtime/Export/Debug/Debug.bindings.h Line: 39)

10/17/2021 17:28:55: Player 2870628556 wants to open piece_chest(Clone)   im: 2870628556
 
(Filename: C:\buildslave\unity\build\Runtime/Export/Debug/Debug.bindings.h Line: 39)

10/17/2021 17:28:55: Setting selected recipe 0
 
(Filename: C:\buildslave\unity\build\Runtime/Export/Debug/Debug.bindings.h Line: 39)

10/17/2021 17:28:56: UI Group status changed root = True
 
(Filename: C:\buildslave\unity\build\Runtime/Export/Debug/Debug.bindings.h Line: 39)

10/17/2021 17:28:56: UI Group status changed Player = True
 
(Filename: C:\buildslave\unity\build\Runtime/Export/Debug/Debug.bindings.h Line: 39)

10/17/2021 17:29:25: Stoped music home at 4715764
 
(Filename: C:\buildslave\unity\build\Runtime/Export/Debug/Debug.bindings.h Line: 39)

10/17/2021 17:29:25: Resumed music home at 4715764
 
(Filename: C:\buildslave\unity\build\Runtime/Export/Debug/Debug.bindings.h Line: 39)

10/17/2021 17:29:26: Setting selected recipe 2
 
(Filename: C:\buildslave\unity\build\Runtime/Export/Debug/Debug.bindings.h Line: 39)

10/17/2021 17:29:26: UI Group status changed root = True
 
(Filename: C:\buildslave\unity\build\Runtime/Export/Debug/Debug.bindings.h Line: 39)

10/17/2021 17:29:26: UI Group status changed Player = True
 
(Filename: C:\buildslave\unity\build\Runtime/Export/Debug/Debug.bindings.h Line: 39)

10/17/2021 17:29:40: Setting selected recipe 2
 
(Filename: C:\buildslave\unity\build\Runtime/Export/Debug/Debug.bindings.h Line: 39)

10/17/2021 17:29:40: UI Group status changed root = True
 
(Filename: C:\buildslave\unity\build\Runtime/Export/Debug/Debug.bindings.h Line: 39)

10/17/2021 17:29:40: UI Group status changed Player = True
 
(Filename: C:\buildslave\unity\build\Runtime/Export/Debug/Debug.bindings.h Line: 39)

10/17/2021 17:29:42: Stoped music home at 5473308
 
(Filename: C:\buildslave\unity\build\Runtime/Export/Debug/Debug.bindings.h Line: 39)

10/17/2021 17:29:42: Resumed music meadows at 7742866
 
(Filename: C:\buildslave\unity\build\Runtime/Export/Debug/Debug.bindings.h Line: 39)

10/17/2021 17:29:43: Stoped music meadows at 7767993
 
(Filename: C:\buildslave\unity\build\Runtime/Export/Debug/Debug.bindings.h Line: 39)

10/17/2021 17:29:43: Resumed music home at 5473308
 
(Filename: C:\buildslave\unity\build\Runtime/Export/Debug/Debug.bindings.h Line: 39)

10/17/2021 17:29:53: Stoped music home at 5940574
 
(Filename: C:\buildslave\unity\build\Runtime/Export/Debug/Debug.bindings.h Line: 39)

10/17/2021 17:29:53: Resumed music meadows at 7767993
 
(Filename: C:\buildslave\unity\build\Runtime/Export/Debug/Debug.bindings.h Line: 39)

10/17/2021 17:30:16: Setting selected recipe 2
 
(Filename: C:\buildslave\unity\build\Runtime/Export/Debug/Debug.bindings.h Line: 39)

10/17/2021 17:30:16: UI Group status changed root = True
 
(Filename: C:\buildslave\unity\build\Runtime/Export/Debug/Debug.bindings.h Line: 39)

10/17/2021 17:30:16: UI Group status changed Player = True
 
(Filename: C:\buildslave\unity\build\Runtime/Export/Debug/Debug.bindings.h Line: 39)

10/17/2021 17:30:29: Setting selected recipe 2
 
(Filename: C:\buildslave\unity\build\Runtime/Export/Debug/Debug.bindings.h Line: 39)

10/17/2021 17:30:29: UI Group status changed root = True
 
(Filename: C:\buildslave\unity\build\Runtime/Export/Debug/Debug.bindings.h Line: 39)

10/17/2021 17:30:29: UI Group status changed Player = True
 
(Filename: C:\buildslave\unity\build\Runtime/Export/Debug/Debug.bindings.h Line: 39)

10/17/2021 17:30:32: UI Group status changed root = False
 
(Filename: C:\buildslave\unity\build\Runtime/Export/Debug/Debug.bindings.h Line: 39)

10/17/2021 17:30:32: FOund selected Skills
 
(Filename: C:\buildslave\unity\build\Runtime/Export/Debug/Debug.bindings.h Line: 39)

10/17/2021 17:30:32: UI Group status changed Player = False
 
(Filename: C:\buildslave\unity\build\Runtime/Export/Debug/Debug.bindings.h Line: 39)

10/17/2021 17:30:42: UI Group status changed root = True
 
(Filename: C:\buildslave\unity\build\Runtime/Export/Debug/Debug.bindings.h Line: 39)

10/17/2021 17:30:42: UI Group status changed Player = True
 
(Filename: C:\buildslave\unity\build\Runtime/Export/Debug/Debug.bindings.h Line: 39)

10/17/2021 17:30:43: Player 2870628556 wants to open piece_chest_wood(Clone)   im: 2870628556
 
(Filename: C:\buildslave\unity\build\Runtime/Export/Debug/Debug.bindings.h Line: 39)

10/17/2021 17:30:43: Setting selected recipe 2
 
(Filename: C:\buildslave\unity\build\Runtime/Export/Debug/Debug.bindings.h Line: 39)

10/17/2021 17:30:43: UI Group status changed root = True
 
(Filename: C:\buildslave\unity\build\Runtime/Export/Debug/Debug.bindings.h Line: 39)

10/17/2021 17:30:43: UI Group status changed Player = True
 
(Filename: C:\buildslave\unity\build\Runtime/Export/Debug/Debug.bindings.h Line: 39)

10/17/2021 17:30:46: Player 2870628556 wants to open piece_chest_wood(Clone)   im: 2870628556
 
(Filename: C:\buildslave\unity\build\Runtime/Export/Debug/Debug.bindings.h Line: 39)

10/17/2021 17:30:46: Setting selected recipe 2
 
(Filename: C:\buildslave\unity\build\Runtime/Export/Debug/Debug.bindings.h Line: 39)

10/17/2021 17:30:46: UI Group status changed root = True
 
(Filename: C:\buildslave\unity\build\Runtime/Export/Debug/Debug.bindings.h Line: 39)

10/17/2021 17:30:46: UI Group status changed Player = True
 
(Filename: C:\buildslave\unity\build\Runtime/Export/Debug/Debug.bindings.h Line: 39)

10/17/2021 17:31:04: Stoped music meadows at 1187024
 
(Filename: C:\buildslave\unity\build\Runtime/Export/Debug/Debug.bindings.h Line: 39)

10/17/2021 17:31:04: Resumed music meadows at 1187024
 
(Filename: C:\buildslave\unity\build\Runtime/Export/Debug/Debug.bindings.h Line: 39)

10/17/2021 17:31:14: Setting selected recipe 2
 
(Filename: C:\buildslave\unity\build\Runtime/Export/Debug/Debug.bindings.h Line: 39)

10/17/2021 17:31:14: UI Group status changed root = True
 
(Filename: C:\buildslave\unity\build\Runtime/Export/Debug/Debug.bindings.h Line: 39)

10/17/2021 17:31:14: UI Group status changed Player = True
 
(Filename: C:\buildslave\unity\build\Runtime/Export/Debug/Debug.bindings.h Line: 39)

10/17/2021 17:31:17: Setting selected recipe 2
 
(Filename: C:\buildslave\unity\build\Runtime/Export/Debug/Debug.bindings.h Line: 39)

10/17/2021 17:31:19: Player 2870628556 wants to open piece_chest_wood(Clone)   im: 2870628556
 
(Filename: C:\buildslave\unity\build\Runtime/Export/Debug/Debug.bindings.h Line: 39)

10/17/2021 17:31:19: Setting selected recipe 2
 
(Filename: C:\buildslave\unity\build\Runtime/Export/Debug/Debug.bindings.h Line: 39)

10/17/2021 17:31:19: UI Group status changed root = True
 
(Filename: C:\buildslave\unity\build\Runtime/Export/Debug/Debug.bindings.h Line: 39)

10/17/2021 17:31:19: UI Group status changed Player = True
 
(Filename: C:\buildslave\unity\build\Runtime/Export/Debug/Debug.bindings.h Line: 39)

10/17/2021 17:31:21: Player 2870628556 wants to open piece_chest_wood(Clone)   im: 2870628556
 
(Filename: C:\buildslave\unity\build\Runtime/Export/Debug/Debug.bindings.h Line: 39)

10/17/2021 17:31:21: Setting selected recipe 2
 
(Filename: C:\buildslave\unity\build\Runtime/Export/Debug/Debug.bindings.h Line: 39)

10/17/2021 17:31:21: UI Group status changed root = True
 
(Filename: C:\buildslave\unity\build\Runtime/Export/Debug/Debug.bindings.h Line: 39)

10/17/2021 17:31:21: UI Group status changed Player = True
 
(Filename: C:\buildslave\unity\build\Runtime/Export/Debug/Debug.bindings.h Line: 39)

10/17/2021 17:31:25: Stoped music meadows at 2084654
 
(Filename: C:\buildslave\unity\build\Runtime/Export/Debug/Debug.bindings.h Line: 39)

10/17/2021 17:31:25: Resumed music meadows at 2084654
 
(Filename: C:\buildslave\unity\build\Runtime/Export/Debug/Debug.bindings.h Line: 39)

10/17/2021 17:31:33: Stoped music meadows at 2464550
 
(Filename: C:\buildslave\unity\build\Runtime/Export/Debug/Debug.bindings.h Line: 39)

10/17/2021 17:31:33: Resumed music home at 5940574
 
(Filename: C:\buildslave\unity\build\Runtime/Export/Debug/Debug.bindings.h Line: 39)

10/17/2021 17:31:34: UI Group status changed MenuRoot = True
 
(Filename: C:\buildslave\unity\build\Runtime/Export/Debug/Debug.bindings.h Line: 39)

10/17/2021 17:31:35: UI Group status changed MenuRoot = False
 
(Filename: C:\buildslave\unity\build\Runtime/Export/Debug/Debug.bindings.h Line: 39)

10/17/2021 17:31:36: Shuting down
 
(Filename: C:\buildslave\unity\build\Runtime/Export/Debug/Debug.bindings.h Line: 39)

10/17/2021 17:31:36: Uncompressed size 8390363
 
(Filename: C:\buildslave\unity\build\Runtime/Export/Debug/Debug.bindings.h Line: 39)

10/17/2021 17:31:36: Compressed size 14925
 
(Filename: C:\buildslave\unity\build\Runtime/Export/Debug/Debug.bindings.h Line: 39)

10/17/2021 17:31:37: ZNet Shutdown
 
(Filename: C:\buildslave\unity\build\Runtime/Export/Debug/Debug.bindings.h Line: 39)

10/17/2021 17:31:37: clone 574
 
(Filename: C:\buildslave\unity\build\Runtime/Export/Debug/Debug.bindings.h Line: 39)

10/17/2021 17:31:38: Saved 340053 zdos
 
(Filename: C:\buildslave\unity\build\Runtime/Export/Debug/Debug.bindings.h Line: 39)

10/17/2021 17:31:38: World saved ( 931,606ms )
 
(Filename: C:\buildslave\unity\build\Runtime/Export/Debug/Debug.bindings.h Line: 39)

10/17/2021 17:31:39: Sending disconnect msg
 
(Filename: C:\buildslave\unity\build\Runtime/Export/Debug/Debug.bindings.h Line: 39)

10/17/2021 17:31:39: FOund selected Button_yes
 
(Filename: C:\buildslave\unity\build\Runtime/Export/Debug/Debug.bindings.h Line: 39)

10/17/2021 17:31:39: Local player destroyed
 
(Filename: C:\buildslave\unity\build\Runtime/Export/Debug/Debug.bindings.h Line: 39)

Unloading 5 Unused Serialized files (Serialized files now loaded: 0)
10/17/2021 17:31:39: ZNet OnDestroy
 
(Filename: C:\buildslave\unity\build\Runtime/Export/Debug/Debug.bindings.h Line: 39)

10/17/2021 17:31:39: Net scene destroyed
 
(Filename: C:\buildslave\unity\build\Runtime/Export/Debug/Debug.bindings.h Line: 39)

UnloadTime: 705.836400 ms
Only custom filters can be played. Please add a custom filter or an audioclip to the audiosource (Amb_MainMenu). 
(Filename:  Line: 516)

10/17/2021 17:31:40: Valheim version:0.203.11
 
(Filename: C:\buildslave\unity\build\Runtime/Export/Debug/Debug.bindings.h Line: 39)

10/17/2021 17:31:40: Render threading mode:MultiThreaded
 
(Filename: C:\buildslave\unity\build\Runtime/Export/Debug/Debug.bindings.h Line: 39)

10/17/2021 17:31:40: Steam initialized, persona:Kaspe
 
(Filename: C:\buildslave\unity\build\Runtime/Export/Debug/Debug.bindings.h Line: 39)

10/17/2021 17:31:40: Audioman already exist, destroying self
 
(Filename: C:\buildslave\unity\build\Runtime/Export/Debug/Debug.bindings.h Line: 39)

10/17/2021 17:31:40: Checking for installed DLCs
 
(Filename: C:\buildslave\unity\build\Runtime/Export/Debug/Debug.bindings.h Line: 39)

10/17/2021 17:31:40: DLC:beta installed:False
 
(Filename: C:\buildslave\unity\build\Runtime/Export/Debug/Debug.bindings.h Line: 39)


Unloading 2940 unused Assets to reduce memory usage. Loaded Objects now: 97360.
Total: 276.650600 ms (FindLiveObjects: 5.576100 ms CreateObjectMapping: 5.240500 ms MarkObjects: 251.329800 ms  DeleteObjects: 14.503700 ms)

10/17/2021 17:31:41: UI Group status changed Menu = True
 
(Filename: C:\buildslave\unity\build\Runtime/Export/Debug/Debug.bindings.h Line: 39)

10/17/2021 17:31:42: UI Group status changed Menu = True
 
(Filename: C:\buildslave\unity\build\Runtime/Export/Debug/Debug.bindings.h Line: 39)

10/17/2021 17:31:42: Stoped music home at 6313978
 
(Filename: C:\buildslave\unity\build\Runtime/Export/Debug/Debug.bindings.h Line: 39)

10/17/2021 17:31:53: Steam manager on destroy
 
(Filename: C:\buildslave\unity\build\Runtime/Export/Debug/Debug.bindings.h Line: 39)

